{"/Users/user/code/snapshots-fetcher/src/client.ts": {"path":"/Users/user/code/snapshots-fetcher/src/client.ts","statementMap":{"0":{"start":{"line":2,"column":0},"end":{"line":2,"column":47}},"1":{"start":{"line":6,"column":2},"end":{"line":9,"column":null}},"2":{"start":{"line":7,"column":10},"end":{"line":7,"column":69}},"3":{"start":{"line":4,"column":0},"end":{"line":4,"column":7}},"4":{"start":{"line":18,"column":19},"end":{"line":18,"column":22}},"5":{"start":{"line":19,"column":2},"end":{"line":38,"column":null}},"6":{"start":{"line":20,"column":16},"end":{"line":20,"column":58}},"7":{"start":{"line":21,"column":4},"end":{"line":30,"column":null}},"8":{"start":{"line":22,"column":6},"end":{"line":29,"column":null}},"9":{"start":{"line":31,"column":32},"end":{"line":31,"column":48}},"10":{"start":{"line":32,"column":4},"end":{"line":34,"column":null}},"11":{"start":{"line":33,"column":6},"end":{"line":33,"column":null}},"12":{"start":{"line":35,"column":40},"end":{"line":35,"column":70}},"13":{"start":{"line":36,"column":4},"end":{"line":36,"column":28}},"14":{"start":{"line":36,"column":23},"end":{"line":36,"column":28}},"15":{"start":{"line":37,"column":4},"end":{"line":37,"column":null}},"16":{"start":{"line":12,"column":0},"end":{"line":12,"column":7}},"17":{"start":{"line":46,"column":14},"end":{"line":46,"column":110}},"18":{"start":{"line":47,"column":2},"end":{"line":47,"column":null}},"19":{"start":{"line":47,"column":52},"end":{"line":47,"column":60}},"20":{"start":{"line":41,"column":0},"end":{"line":41,"column":16}},"21":{"start":{"line":51,"column":14},"end":{"line":51,"column":69}},"22":{"start":{"line":53,"column":2},"end":{"line":53,"column":null}},"23":{"start":{"line":55,"column":2},"end":{"line":55,"column":8}},"24":{"start":{"line":50,"column":0},"end":{"line":50,"column":7}}},"fnMap":{"0":{"name":"getGlobalSnapshot","decl":{"start":{"line":4,"column":22},"end":{"line":4,"column":39}},"loc":{"start":{"line":4,"column":111},"end":{"line":10,"column":1}}},"1":{"name":"(anonymous_1)","decl":{"start":{"line":7,"column":4},"end":{"line":7,"column":7}},"loc":{"start":{"line":7,"column":10},"end":{"line":7,"column":69}}},"2":{"name":"fetchJsonPaginated","decl":{"start":{"line":12,"column":23},"end":{"line":12,"column":41}},"loc":{"start":{"line":15,"column":38},"end":{"line":39,"column":1}}},"3":{"name":"fetchPointerChanges","decl":{"start":{"line":41,"column":16},"end":{"line":41,"column":35}},"loc":{"start":{"line":44,"column":23},"end":{"line":48,"column":1}}},"4":{"name":"(anonymous_4)","decl":{"start":{"line":47,"column":45},"end":{"line":47,"column":46}},"loc":{"start":{"line":47,"column":52},"end":{"line":47,"column":60}}},"5":{"name":"saveContentFileToDisk","decl":{"start":{"line":50,"column":22},"end":{"line":50,"column":43}},"loc":{"start":{"line":50,"column":101},"end":{"line":56,"column":1}}}},"branchMap":{"0":{"loc":{"start":{"line":21,"column":4},"end":{"line":30,"column":null}},"type":"if","locations":[{"start":{"line":21,"column":4},"end":{"line":30,"column":null}}]},"1":{"loc":{"start":{"line":36,"column":4},"end":{"line":36,"column":28}},"type":"if","locations":[{"start":{"line":36,"column":4},"end":{"line":36,"column":28}}]}},"s":{"0":3,"1":1,"2":1,"3":3,"4":1,"5":1,"6":2,"7":2,"8":0,"9":2,"10":2,"11":4,"12":2,"13":2,"14":1,"15":1,"16":3,"17":1,"18":1,"19":2,"20":3,"21":13,"22":13,"23":6,"24":3},"f":{"0":1,"1":1,"2":1,"3":1,"4":2,"5":13},"b":{"0":[0],"1":[1]}}
,"/Users/user/code/snapshots-fetcher/src/downloader.ts": {"path":"/Users/user/code/snapshots-fetcher/src/downloader.ts","statementMap":{"0":{"start":{"line":2,"column":0},"end":{"line":2,"column":28}},"1":{"start":{"line":3,"column":0},"end":{"line":3,"column":48}},"2":{"start":{"line":4,"column":0},"end":{"line":4,"column":77}},"3":{"start":{"line":6,"column":28},"end":{"line":6,"column":87}},"4":{"start":{"line":7,"column":29},"end":{"line":7,"column":52}},"5":{"start":{"line":8,"column":39},"end":{"line":8,"column":66}},"6":{"start":{"line":17,"column":2},"end":{"line":17,"column":null}},"7":{"start":{"line":17,"column":44},"end":{"line":17,"column":null}},"8":{"start":{"line":19,"column":16},"end":{"line":19,"column":17}},"9":{"start":{"line":21,"column":2},"end":{"line":37,"column":null}},"10":{"start":{"line":22,"column":4},"end":{"line":22,"column":null}},"11":{"start":{"line":23,"column":4},"end":{"line":36,"column":null}},"12":{"start":{"line":24,"column":26},"end":{"line":24,"column":85}},"13":{"start":{"line":25,"column":6},"end":{"line":25,"column":null}},"14":{"start":{"line":27,"column":6},"end":{"line":27,"column":null}},"15":{"start":{"line":29,"column":6},"end":{"line":29,"column":null}},"16":{"start":{"line":30,"column":6},"end":{"line":35,"column":null}},"17":{"start":{"line":31,"column":8},"end":{"line":31,"column":null}},"18":{"start":{"line":32,"column":8},"end":{"line":32,"column":16}},"19":{"start":{"line":34,"column":8},"end":{"line":34,"column":null}},"20":{"start":{"line":50,"column":24},"end":{"line":50,"column":66}},"21":{"start":{"line":52,"column":2},"end":{"line":54,"column":null}},"22":{"start":{"line":53,"column":4},"end":{"line":53,"column":null}},"23":{"start":{"line":56,"column":2},"end":{"line":63,"column":null}},"24":{"start":{"line":57,"column":35},"end":{"line":57,"column":109}},"25":{"start":{"line":58,"column":4},"end":{"line":58,"column":null}},"26":{"start":{"line":60,"column":4},"end":{"line":60,"column":null}},"27":{"start":{"line":62,"column":4},"end":{"line":62,"column":null}},"28":{"start":{"line":44,"column":0},"end":{"line":44,"column":7}},"29":{"start":{"line":70,"column":2},"end":{"line":75,"column":null}},"30":{"start":{"line":74,"column":4},"end":{"line":74,"column":null}}},"fnMap":{"0":{"name":"downloadJob","decl":{"start":{"line":10,"column":15},"end":{"line":10,"column":26}},"loc":{"start":{"line":14,"column":35},"end":{"line":38,"column":1}}},"1":{"name":"downloadFileWithRetries","decl":{"start":{"line":44,"column":22},"end":{"line":44,"column":45}},"loc":{"start":{"line":48,"column":35},"end":{"line":64,"column":1}}},"2":{"name":"downloadContentFile","decl":{"start":{"line":66,"column":15},"end":{"line":66,"column":34}},"loc":{"start":{"line":66,"column":91},"end":{"line":76,"column":1}}}},"branchMap":{"0":{"loc":{"start":{"line":7,"column":29},"end":{"line":7,"column":52}},"type":"cond-expr","locations":[{"start":{"line":7,"column":46},"end":{"line":7,"column":47}},{"start":{"line":7,"column":50},"end":{"line":7,"column":52}}]},"1":{"loc":{"start":{"line":8,"column":39},"end":{"line":8,"column":66}},"type":"cond-expr","locations":[{"start":{"line":8,"column":56},"end":{"line":8,"column":59}},{"start":{"line":8,"column":62},"end":{"line":8,"column":66}}]},"2":{"loc":{"start":{"line":17,"column":2},"end":{"line":17,"column":null}},"type":"if","locations":[{"start":{"line":17,"column":2},"end":{"line":17,"column":null}}]},"3":{"loc":{"start":{"line":30,"column":6},"end":{"line":35,"column":null}},"type":"if","locations":[{"start":{"line":30,"column":6},"end":{"line":35,"column":null}},{"start":{"line":33,"column":13},"end":{"line":35,"column":null}}]},"4":{"loc":{"start":{"line":52,"column":2},"end":{"line":54,"column":null}},"type":"if","locations":[{"start":{"line":52,"column":2},"end":{"line":54,"column":null}}]},"5":{"loc":{"start":{"line":70,"column":2},"end":{"line":75,"column":null}},"type":"if","locations":[{"start":{"line":70,"column":2},"end":{"line":75,"column":null}}]}},"s":{"0":3,"1":3,"2":3,"3":3,"4":3,"5":3,"6":9,"7":2,"8":7,"9":7,"10":13,"11":13,"12":13,"13":13,"14":6,"15":7,"16":7,"17":6,"18":6,"19":1,"20":10,"21":10,"22":1,"23":9,"24":9,"25":9,"26":9,"27":9,"28":3,"29":13,"30":13},"f":{"0":9,"1":10,"2":13},"b":{"0":[3,0],"1":[3,0],"2":[2],"3":[6,1],"4":[1],"5":[13]}}
,"/Users/user/code/snapshots-fetcher/src/entities.ts": {"path":"/Users/user/code/snapshots-fetcher/src/entities.ts","statementMap":{"0":{"start":{"line":3,"column":0},"end":{"line":3,"column":64}},"1":{"start":{"line":5,"column":0},"end":{"line":5,"column":54}},"2":{"start":{"line":12,"column":14},"end":{"line":12,"column":120}},"3":{"start":{"line":14,"column":19},"end":{"line":14,"column":70}},"4":{"start":{"line":16,"column":2},"end":{"line":18,"column":null}},"5":{"start":{"line":17,"column":4},"end":{"line":17,"column":null}},"6":{"start":{"line":20,"column":2},"end":{"line":20,"column":null}},"7":{"start":{"line":7,"column":0},"end":{"line":7,"column":7}},"8":{"start":{"line":31,"column":22},"end":{"line":31,"column":81}},"9":{"start":{"line":32,"column":25},"end":{"line":32,"column":79}},"10":{"start":{"line":35,"column":2},"end":{"line":35,"column":null}},"11":{"start":{"line":37,"column":2},"end":{"line":39,"column":null}},"12":{"start":{"line":38,"column":4},"end":{"line":38,"column":null}},"13":{"start":{"line":41,"column":2},"end":{"line":45,"column":null}},"14":{"start":{"line":43,"column":6},"end":{"line":43,"column":89}},"15":{"start":{"line":47,"column":2},"end":{"line":47,"column":null}},"16":{"start":{"line":23,"column":0},"end":{"line":23,"column":7}}},"fnMap":{"0":{"name":"getEntityById","decl":{"start":{"line":7,"column":22},"end":{"line":7,"column":35}},"loc":{"start":{"line":10,"column":16},"end":{"line":21,"column":1}}},"1":{"name":"downloadEntityAndContentFiles","decl":{"start":{"line":23,"column":22},"end":{"line":23,"column":51}},"loc":{"start":{"line":28,"column":22},"end":{"line":48,"column":1}}},"2":{"name":"(anonymous_2)","decl":{"start":{"line":42,"column":31},"end":{"line":42,"column":32}},"loc":{"start":{"line":43,"column":6},"end":{"line":43,"column":89}}}},"branchMap":{"0":{"loc":{"start":{"line":16,"column":2},"end":{"line":18,"column":null}},"type":"if","locations":[{"start":{"line":16,"column":2},"end":{"line":18,"column":null}}]},"1":{"loc":{"start":{"line":37,"column":2},"end":{"line":39,"column":null}},"type":"if","locations":[{"start":{"line":37,"column":2},"end":{"line":39,"column":null}}]}},"s":{"0":1,"1":1,"2":1,"3":1,"4":1,"5":0,"6":1,"7":1,"8":1,"9":1,"10":1,"11":1,"12":0,"13":1,"14":4,"15":1,"16":1},"f":{"0":1,"1":1,"2":4},"b":{"0":[0],"1":[0]}}
,"/Users/user/code/snapshots-fetcher/src/index.ts": {"path":"/Users/user/code/snapshots-fetcher/src/index.ts","statementMap":{"0":{"start":{"line":1,"column":0},"end":{"line":1,"column":65}},"1":{"start":{"line":2,"column":0},"end":{"line":2,"column":54}},"2":{"start":{"line":3,"column":0},"end":{"line":3,"column":54}},"3":{"start":{"line":5,"column":0},"end":{"line":5,"column":31}},"4":{"start":{"line":24,"column":27},"end":{"line":24,"column":53}},"5":{"start":{"line":27,"column":35},"end":{"line":27,"column":36}},"6":{"start":{"line":30,"column":52},"end":{"line":33,"column":null}},"7":{"start":{"line":38,"column":2},"end":{"line":59,"column":null}},"8":{"start":{"line":40,"column":29},"end":{"line":44,"column":null}},"9":{"start":{"line":48,"column":30},"end":{"line":48,"column":72}},"10":{"start":{"line":49,"column":4},"end":{"line":58,"column":null}},"11":{"start":{"line":51,"column":6},"end":{"line":53,"column":null}},"12":{"start":{"line":52,"column":8},"end":{"line":52,"column":null}},"13":{"start":{"line":55,"column":6},"end":{"line":57,"column":null}},"14":{"start":{"line":56,"column":8},"end":{"line":56,"column":null}},"15":{"start":{"line":62,"column":2},"end":{"line":78,"column":32}},"16":{"start":{"line":64,"column":27},"end":{"line":64,"column":109}},"17":{"start":{"line":65,"column":4},"end":{"line":74,"column":null}},"18":{"start":{"line":67,"column":6},"end":{"line":69,"column":null}},"19":{"start":{"line":68,"column":8},"end":{"line":68,"column":null}},"20":{"start":{"line":71,"column":6},"end":{"line":73,"column":null}},"21":{"start":{"line":72,"column":8},"end":{"line":72,"column":null}},"22":{"start":{"line":77,"column":4},"end":{"line":77,"column":null}},"23":{"start":{"line":14,"column":0},"end":{"line":14,"column":7}}},"fnMap":{"0":{"name":"getDeployedEntitiesStream","decl":{"start":{"line":14,"column":23},"end":{"line":14,"column":48}},"loc":{"start":{"line":21,"column":3},"end":{"line":79,"column":1}}}},"branchMap":{"0":{"loc":{"start":{"line":24,"column":27},"end":{"line":24,"column":53}},"type":"binary-expr","locations":[{"start":{"line":24,"column":27},"end":{"line":24,"column":48}},{"start":{"line":24,"column":52},"end":{"line":24,"column":53}}]},"1":{"loc":{"start":{"line":38,"column":2},"end":{"line":59,"column":null}},"type":"if","locations":[{"start":{"line":38,"column":2},"end":{"line":59,"column":null}}]},"2":{"loc":{"start":{"line":51,"column":6},"end":{"line":53,"column":null}},"type":"if","locations":[{"start":{"line":51,"column":6},"end":{"line":53,"column":null}}]},"3":{"loc":{"start":{"line":55,"column":6},"end":{"line":57,"column":null}},"type":"if","locations":[{"start":{"line":55,"column":6},"end":{"line":57,"column":null}}]},"4":{"loc":{"start":{"line":67,"column":6},"end":{"line":69,"column":null}},"type":"if","locations":[{"start":{"line":67,"column":6},"end":{"line":69,"column":null}}]},"5":{"loc":{"start":{"line":71,"column":6},"end":{"line":73,"column":null}},"type":"if","locations":[{"start":{"line":71,"column":6},"end":{"line":73,"column":null}}]}},"s":{"0":1,"1":1,"2":1,"3":1,"4":1,"5":1,"6":1,"7":1,"8":1,"9":1,"10":1,"11":9,"12":9,"13":9,"14":9,"15":1,"16":1,"17":1,"18":4,"19":4,"20":4,"21":4,"22":1,"23":1},"f":{"0":1},"b":{"0":[1,1],"1":[1],"2":[9],"3":[9],"4":[4],"5":[4]}}
,"/Users/user/code/snapshots-fetcher/src/job-queue-port.ts": {"path":"/Users/user/code/snapshots-fetcher/src/job-queue-port.ts","statementMap":{"0":{"start":{"line":2,"column":0},"end":{"line":2,"column":30}},"1":{"start":{"line":3,"column":0},"end":{"line":3,"column":28}},"2":{"start":{"line":21,"column":20},"end":{"line":25,"column":4}},"3":{"start":{"line":27,"column":2},"end":{"line":62,"column":null}},"4":{"start":{"line":29,"column":6},"end":{"line":29,"column":null}},"5":{"start":{"line":32,"column":6},"end":{"line":34,"column":null}},"6":{"start":{"line":33,"column":8},"end":{"line":33,"column":null}},"7":{"start":{"line":35,"column":27},"end":{"line":35,"column":38}},"8":{"start":{"line":36,"column":18},"end":{"line":36,"column":29}},"9":{"start":{"line":39,"column":8},"end":{"line":51,"column":null}},"10":{"start":{"line":40,"column":10},"end":{"line":40,"column":null}},"11":{"start":{"line":42,"column":10},"end":{"line":50,"column":null}},"12":{"start":{"line":43,"column":12},"end":{"line":43,"column":null}},"13":{"start":{"line":45,"column":12},"end":{"line":49,"column":null}},"14":{"start":{"line":46,"column":14},"end":{"line":46,"column":null}},"15":{"start":{"line":48,"column":14},"end":{"line":48,"column":null}},"16":{"start":{"line":54,"column":6},"end":{"line":54,"column":null}},"17":{"start":{"line":56,"column":6},"end":{"line":56,"column":null}},"18":{"start":{"line":60,"column":6},"end":{"line":60,"column":null}},"19":{"start":{"line":20,"column":0},"end":{"line":20,"column":16}}},"fnMap":{"0":{"name":"createJobQueue","decl":{"start":{"line":20,"column":16},"end":{"line":20,"column":30}},"loc":{"start":{"line":20,"column":62},"end":{"line":63,"column":1}}},"1":{"name":"(anonymous_2)","decl":{"start":{"line":28,"column":4},"end":{"line":28,"column":15}},"loc":{"start":{"line":28,"column":39},"end":{"line":30,"column":5}}},"2":{"name":"(anonymous_3)","decl":{"start":{"line":31,"column":4},"end":{"line":31,"column":26}},"loc":{"start":{"line":31,"column":67},"end":{"line":57,"column":5}}},"3":{"name":"schedule","decl":{"start":{"line":38,"column":15},"end":{"line":38,"column":23}},"loc":{"start":{"line":38,"column":23},"end":{"line":52,"column":7}}},"4":{"name":"(anonymous_5)","decl":{"start":{"line":39,"column":22},"end":{"line":39,"column":27}},"loc":{"start":{"line":39,"column":33},"end":{"line":51,"column":9}}},"5":{"name":"(anonymous_6)","decl":{"start":{"line":58,"column":4},"end":{"line":58,"column":9}},"loc":{"start":{"line":58,"column":14},"end":{"line":61,"column":5}}}},"branchMap":{"0":{"loc":{"start":{"line":23,"column":15},"end":{"line":23,"column":40}},"type":"binary-expr","locations":[{"start":{"line":23,"column":15},"end":{"line":23,"column":32}},{"start":{"line":23,"column":36},"end":{"line":23,"column":40}}]},"1":{"loc":{"start":{"line":32,"column":6},"end":{"line":34,"column":null}},"type":"if","locations":[{"start":{"line":32,"column":6},"end":{"line":34,"column":null}}]},"2":{"loc":{"start":{"line":45,"column":12},"end":{"line":49,"column":null}},"type":"if","locations":[{"start":{"line":45,"column":12},"end":{"line":49,"column":null}},{"start":{"line":47,"column":19},"end":{"line":49,"column":null}}]}},"s":{"0":3,"1":3,"2":3,"3":3,"4":0,"5":1,"6":0,"7":1,"8":1,"9":1,"10":1,"11":1,"12":1,"13":0,"14":0,"15":0,"16":1,"17":1,"18":3,"19":3},"f":{"0":3,"1":0,"2":1,"3":1,"4":1,"5":3},"b":{"0":[3,0],"1":[0],"2":[0,0]}}
,"/Users/user/code/snapshots-fetcher/src/processor.ts": {"path":"/Users/user/code/snapshots-fetcher/src/processor.ts","statementMap":{"0":{"start":{"line":2,"column":0},"end":{"line":2,"column":42}},"1":{"start":{"line":3,"column":0},"end":{"line":3,"column":37}},"2":{"start":{"line":4,"column":0},"end":{"line":4,"column":41}},"3":{"start":{"line":7,"column":2},"end":{"line":9,"column":null}},"4":{"start":{"line":8,"column":4},"end":{"line":8,"column":null}},"5":{"start":{"line":11,"column":21},"end":{"line":11,"column":43}},"6":{"start":{"line":13,"column":2},"end":{"line":16,"column":null}},"7":{"start":{"line":25,"column":2},"end":{"line":31,"column":null}},"8":{"start":{"line":26,"column":20},"end":{"line":26,"column":31}},"9":{"start":{"line":27,"column":4},"end":{"line":30,"column":null}},"10":{"start":{"line":29,"column":6},"end":{"line":29,"column":null}},"11":{"start":{"line":24,"column":0},"end":{"line":24,"column":7}}},"fnMap":{"0":{"name":"processLineByLine","decl":{"start":{"line":6,"column":16},"end":{"line":6,"column":33}},"loc":{"start":{"line":6,"column":46},"end":{"line":17,"column":1}}},"1":{"name":"processDeploymentsInFile","decl":{"start":{"line":24,"column":23},"end":{"line":24,"column":47}},"loc":{"start":{"line":24,"column":60},"end":{"line":32,"column":1}}}},"branchMap":{"0":{"loc":{"start":{"line":7,"column":2},"end":{"line":9,"column":null}},"type":"if","locations":[{"start":{"line":7,"column":2},"end":{"line":9,"column":null}}]},"1":{"loc":{"start":{"line":27,"column":4},"end":{"line":30,"column":null}},"type":"if","locations":[{"start":{"line":27,"column":4},"end":{"line":30,"column":null}}]},"2":{"loc":{"start":{"line":27,"column":8},"end":{"line":27,"column":56}},"type":"binary-expr","locations":[{"start":{"line":27,"column":8},"end":{"line":27,"column":31}},{"start":{"line":27,"column":35},"end":{"line":27,"column":56}}]}},"s":{"0":2,"1":2,"2":2,"3":3,"4":1,"5":2,"6":2,"7":3,"8":22,"9":22,"10":18,"11":2},"f":{"0":3,"1":3},"b":{"0":[1],"1":[18],"2":[22,18]}}
,"/Users/user/code/snapshots-fetcher/src/utils.ts": {"path":"/Users/user/code/snapshots-fetcher/src/utils.ts","statementMap":{"0":{"start":{"line":1,"column":0},"end":{"line":1,"column":24}},"1":{"start":{"line":2,"column":0},"end":{"line":2,"column":24}},"2":{"start":{"line":3,"column":0},"end":{"line":3,"column":28}},"3":{"start":{"line":4,"column":0},"end":{"line":4,"column":28}},"4":{"start":{"line":5,"column":0},"end":{"line":5,"column":30}},"5":{"start":{"line":6,"column":0},"end":{"line":6,"column":32}},"6":{"start":{"line":11,"column":18},"end":{"line":11,"column":42}},"7":{"start":{"line":13,"column":2},"end":{"line":15,"column":null}},"8":{"start":{"line":14,"column":4},"end":{"line":14,"column":null}},"9":{"start":{"line":17,"column":15},"end":{"line":17,"column":35}},"10":{"start":{"line":18,"column":2},"end":{"line":18,"column":null}},"11":{"start":{"line":10,"column":0},"end":{"line":10,"column":7}},"12":{"start":{"line":22,"column":2},"end":{"line":25,"column":null}},"13":{"start":{"line":24,"column":16},"end":{"line":24,"column":20}},"14":{"start":{"line":25,"column":17},"end":{"line":25,"column":22}},"15":{"start":{"line":21,"column":0},"end":{"line":21,"column":7}},"16":{"start":{"line":29,"column":2},"end":{"line":29,"column":null}},"17":{"start":{"line":29,"column":40},"end":{"line":29,"column":65}},"18":{"start":{"line":28,"column":0},"end":{"line":28,"column":7}},"19":{"start":{"line":33,"column":16},"end":{"line":33,"column":32}},"20":{"start":{"line":34,"column":26},"end":{"line":34,"column":31}},"21":{"start":{"line":35,"column":2},"end":{"line":41,"column":null}},"22":{"start":{"line":36,"column":4},"end":{"line":38,"column":null}},"23":{"start":{"line":37,"column":6},"end":{"line":37,"column":null}},"24":{"start":{"line":40,"column":4},"end":{"line":40,"column":null}},"25":{"start":{"line":32,"column":0},"end":{"line":32,"column":24}},"26":{"start":{"line":45,"column":22},"end":{"line":45,"column":49}},"27":{"start":{"line":46,"column":2},"end":{"line":76,"column":null}},"28":{"start":{"line":47,"column":23},"end":{"line":47,"column":62}},"29":{"start":{"line":49,"column":4},"end":{"line":75,"column":null}},"30":{"start":{"line":51,"column":8},"end":{"line":54,"column":null}},"31":{"start":{"line":52,"column":10},"end":{"line":52,"column":null}},"32":{"start":{"line":53,"column":10},"end":{"line":53,"column":16}},"33":{"start":{"line":56,"column":21},"end":{"line":56,"column":54}},"34":{"start":{"line":57,"column":8},"end":{"line":57,"column":null}},"35":{"start":{"line":59,"column":8},"end":{"line":63,"column":null}},"36":{"start":{"line":61,"column":10},"end":{"line":61,"column":51}},"37":{"start":{"line":62,"column":10},"end":{"line":62,"column":null}},"38":{"start":{"line":65,"column":8},"end":{"line":68,"column":null}},"39":{"start":{"line":66,"column":10},"end":{"line":66,"column":23}},"40":{"start":{"line":67,"column":10},"end":{"line":67,"column":null}},"41":{"start":{"line":73,"column":8},"end":{"line":73,"column":49}},"42":{"start":{"line":74,"column":8},"end":{"line":74,"column":null}},"43":{"start":{"line":79,"column":2},"end":{"line":79,"column":null}},"44":{"start":{"line":82,"column":2},"end":{"line":84,"column":null}},"45":{"start":{"line":83,"column":4},"end":{"line":83,"column":null}},"46":{"start":{"line":87,"column":2},"end":{"line":87,"column":null}},"47":{"start":{"line":44,"column":0},"end":{"line":44,"column":7}},"48":{"start":{"line":93,"column":13},"end":{"line":102,"column":null}},"49":{"start":{"line":94,"column":19},"end":{"line":94,"column":49}},"50":{"start":{"line":96,"column":2},"end":{"line":101,"column":null}},"51":{"start":{"line":97,"column":4},"end":{"line":100,"column":null}},"52":{"start":{"line":98,"column":6},"end":{"line":98,"column":null}},"53":{"start":{"line":98,"column":15},"end":{"line":98,"column":null}},"54":{"start":{"line":99,"column":6},"end":{"line":99,"column":null}},"55":{"start":{"line":105,"column":19},"end":{"line":105,"column":77}},"56":{"start":{"line":106,"column":2},"end":{"line":106,"column":null}},"57":{"start":{"line":104,"column":0},"end":{"line":104,"column":7}},"58":{"start":{"line":113,"column":27},"end":{"line":113,"column":98}},"59":{"start":{"line":115,"column":2},"end":{"line":115,"column":null}},"60":{"start":{"line":109,"column":0},"end":{"line":109,"column":16}}},"fnMap":{"0":{"name":"fetchJson","decl":{"start":{"line":10,"column":22},"end":{"line":10,"column":31}},"loc":{"start":{"line":10,"column":69},"end":{"line":19,"column":1}}},"1":{"name":"checkFileExists","decl":{"start":{"line":21,"column":22},"end":{"line":21,"column":37}},"loc":{"start":{"line":21,"column":50},"end":{"line":26,"column":1}}},"2":{"name":"(anonymous_8)","decl":{"start":{"line":24,"column":10},"end":{"line":24,"column":13}},"loc":{"start":{"line":24,"column":16},"end":{"line":24,"column":20}}},"3":{"name":"(anonymous_9)","decl":{"start":{"line":25,"column":11},"end":{"line":25,"column":14}},"loc":{"start":{"line":25,"column":17},"end":{"line":25,"column":22}}},"4":{"name":"sleep","decl":{"start":{"line":28,"column":22},"end":{"line":28,"column":27}},"loc":{"start":{"line":28,"column":40},"end":{"line":30,"column":1}}},"5":{"name":"(anonymous_11)","decl":{"start":{"line":29,"column":27},"end":{"line":29,"column":28}},"loc":{"start":{"line":29,"column":40},"end":{"line":29,"column":65}}},"6":{"name":"withCache","decl":{"start":{"line":32,"column":24},"end":{"line":32,"column":33}},"loc":{"start":{"line":32,"column":53},"end":{"line":42,"column":1}}},"7":{"name":"(anonymous_13)","decl":{"start":{"line":35,"column":9},"end":{"line":35,"column":12}},"loc":{"start":{"line":35,"column":14},"end":{"line":41,"column":3}}},"8":{"name":"saveToDisk","decl":{"start":{"line":44,"column":22},"end":{"line":44,"column":32}},"loc":{"start":{"line":44,"column":73},"end":{"line":88,"column":1}}},"9":{"name":"(anonymous_15)","decl":{"start":{"line":46,"column":26},"end":{"line":46,"column":27}},"loc":{"start":{"line":46,"column":46},"end":{"line":76,"column":3}}},"10":{"name":"(anonymous_16)","decl":{"start":{"line":50,"column":16},"end":{"line":50,"column":26}},"loc":{"start":{"line":50,"column":34},"end":{"line":69,"column":7}}},"11":{"name":"(anonymous_17)","decl":{"start":{"line":59,"column":29},"end":{"line":59,"column":30}},"loc":{"start":{"line":59,"column":37},"end":{"line":63,"column":9}}},"12":{"name":"(anonymous_18)","decl":{"start":{"line":61,"column":41},"end":{"line":61,"column":44}},"loc":{"start":{"line":61,"column":46},"end":{"line":61,"column":49}}},"13":{"name":"(anonymous_19)","decl":{"start":{"line":65,"column":26},"end":{"line":65,"column":null}},"loc":{"start":{"line":65,"column":26},"end":{"line":68,"column":9}}},"14":{"name":"(anonymous_20)","decl":{"start":{"line":71,"column":19},"end":{"line":71,"column":29}},"loc":{"start":{"line":71,"column":32},"end":{"line":75,"column":7}}},"15":{"name":"(anonymous_21)","decl":{"start":{"line":73,"column":39},"end":{"line":73,"column":42}},"loc":{"start":{"line":73,"column":44},"end":{"line":73,"column":47}}},"16":{"name":"(anonymous_22)","decl":{"start":{"line":93,"column":35},"end":{"line":93,"column":40}},"loc":{"start":{"line":93,"column":46},"end":{"line":102,"column":1}}},"17":{"name":"(anonymous_23)","decl":{"start":{"line":96,"column":29},"end":{"line":96,"column":30}},"loc":{"start":{"line":96,"column":49},"end":{"line":101,"column":3}}},"18":{"name":"(anonymous_24)","decl":{"start":{"line":97,"column":25},"end":{"line":97,"column":26}},"loc":{"start":{"line":97,"column":41},"end":{"line":100,"column":5}}},"19":{"name":"tmpFile","decl":{"start":{"line":104,"column":22},"end":{"line":104,"column":29}},"loc":{"start":{"line":104,"column":45},"end":{"line":107,"column":1}}},"20":{"name":"pickLeastRecentlyUsedServer","decl":{"start":{"line":109,"column":16},"end":{"line":109,"column":43}},"loc":{"start":{"line":111,"column":49},"end":{"line":116,"column":1}}}},"branchMap":{"0":{"loc":{"start":{"line":13,"column":2},"end":{"line":15,"column":null}},"type":"if","locations":[{"start":{"line":13,"column":2},"end":{"line":15,"column":null}}]},"1":{"loc":{"start":{"line":36,"column":4},"end":{"line":38,"column":null}},"type":"if","locations":[{"start":{"line":36,"column":4},"end":{"line":38,"column":null}}]},"2":{"loc":{"start":{"line":47,"column":23},"end":{"line":47,"column":62}},"type":"cond-expr","locations":[{"start":{"line":47,"column":50},"end":{"line":47,"column":55}},{"start":{"line":47,"column":58},"end":{"line":47,"column":62}}]},"3":{"loc":{"start":{"line":51,"column":8},"end":{"line":54,"column":null}},"type":"if","locations":[{"start":{"line":51,"column":8},"end":{"line":54,"column":null}}]},"4":{"loc":{"start":{"line":51,"column":12},"end":{"line":51,"column":61}},"type":"binary-expr","locations":[{"start":{"line":51,"column":12},"end":{"line":51,"column":32}},{"start":{"line":51,"column":36},"end":{"line":51,"column":61}}]},"5":{"loc":{"start":{"line":82,"column":2},"end":{"line":84,"column":null}},"type":"if","locations":[{"start":{"line":82,"column":2},"end":{"line":84,"column":null}}]},"6":{"loc":{"start":{"line":98,"column":6},"end":{"line":98,"column":null}},"type":"if","locations":[{"start":{"line":98,"column":6},"end":{"line":98,"column":null}}]}},"s":{"0":4,"1":4,"2":4,"3":4,"4":4,"5":4,"6":2,"7":2,"8":0,"9":2,"10":2,"11":4,"12":43,"13":5,"14":38,"15":4,"16":8,"17":8,"18":4,"19":4,"20":4,"21":4,"22":19,"23":3,"24":19,"25":4,"26":19,"27":19,"28":19,"29":19,"30":17,"31":8,"32":8,"33":9,"34":9,"35":9,"36":1,"37":1,"38":9,"39":8,"40":8,"41":2,"42":2,"43":8,"44":8,"45":0,"46":8,"47":4,"48":4,"49":3,"50":3,"51":3,"52":3,"53":0,"54":3,"55":19,"56":19,"57":4,"58":14,"59":14,"60":4},"f":{"0":2,"1":43,"2":5,"3":38,"4":8,"5":8,"6":4,"7":19,"8":19,"9":19,"10":17,"11":1,"12":1,"13":8,"14":2,"15":2,"16":3,"17":3,"18":3,"19":19,"20":14},"b":{"0":[0],"1":[3],"2":[2,17],"3":[8],"4":[17,17],"5":[0],"6":[0]}}
,"/Users/user/code/snapshots-fetcher/test/components.ts": {"path":"/Users/user/code/snapshots-fetcher/test/components.ts","statementMap":{"0":{"start":{"line":4,"column":0},"end":{"line":4,"column":66}},"1":{"start":{"line":5,"column":0},"end":{"line":5,"column":54}},"2":{"start":{"line":7,"column":0},"end":{"line":7,"column":55}},"3":{"start":{"line":9,"column":0},"end":{"line":9,"column":null}},"4":{"start":{"line":25,"column":13},"end":{"line":46,"column":null}},"5":{"start":{"line":27,"column":4},"end":{"line":27,"column":null}},"6":{"start":{"line":28,"column":4},"end":{"line":28,"column":null}},"7":{"start":{"line":31,"column":20},"end":{"line":31,"column":42}},"8":{"start":{"line":32,"column":26},"end":{"line":36,"column":6}},"9":{"start":{"line":38,"column":33},"end":{"line":38,"column":65}},"10":{"start":{"line":40,"column":4},"end":{"line":44,"column":null}}},"fnMap":{"0":{"name":"(anonymous_0)","decl":{"start":{"line":26,"column":2},"end":{"line":26,"column":7}},"loc":{"start":{"line":26,"column":44},"end":{"line":29,"column":3}}},"1":{"name":"(anonymous_1)","decl":{"start":{"line":30,"column":2},"end":{"line":30,"column":7}},"loc":{"start":{"line":30,"column":22},"end":{"line":45,"column":3}}}},"branchMap":{},"s":{"0":3,"1":3,"2":3,"3":3,"4":3,"5":3,"6":3,"7":3,"8":3,"9":3,"10":3},"f":{"0":3,"1":3},"b":{}}
,"/Users/user/code/snapshots-fetcher/test/functions-for-wkc-test-helpers.ts": {"path":"/Users/user/code/snapshots-fetcher/test/functions-for-wkc-test-helpers.ts","statementMap":{"0":{"start":{"line":3,"column":0},"end":{"line":3,"column":82}},"1":{"start":{"line":4,"column":0},"end":{"line":4,"column":82}},"2":{"start":{"line":6,"column":0},"end":{"line":6,"column":66}},"3":{"start":{"line":7,"column":0},"end":{"line":7,"column":73}},"4":{"start":{"line":8,"column":0},"end":{"line":8,"column":36}},"5":{"start":{"line":9,"column":0},"end":{"line":9,"column":33}},"6":{"start":{"line":27,"column":25},"end":{"line":27,"column":32}},"7":{"start":{"line":29,"column":2},"end":{"line":29,"column":null}},"8":{"start":{"line":31,"column":2},"end":{"line":67,"column":null}},"9":{"start":{"line":32,"column":20},"end":{"line":32,"column":31}},"10":{"start":{"line":33,"column":20},"end":{"line":33,"column":32}},"11":{"start":{"line":34,"column":19},"end":{"line":34,"column":33}},"12":{"start":{"line":35,"column":20},"end":{"line":35,"column":32}},"13":{"start":{"line":36,"column":4},"end":{"line":36,"column":null}},"14":{"start":{"line":37,"column":4},"end":{"line":39,"column":null}},"15":{"start":{"line":38,"column":6},"end":{"line":38,"column":null}},"16":{"start":{"line":41,"column":21},"end":{"line":41,"column":33}},"17":{"start":{"line":43,"column":4},"end":{"line":43,"column":null}},"18":{"start":{"line":44,"column":4},"end":{"line":48,"column":null}},"19":{"start":{"line":45,"column":6},"end":{"line":47,"column":null}},"20":{"start":{"line":46,"column":8},"end":{"line":46,"column":null}},"21":{"start":{"line":49,"column":4},"end":{"line":63,"column":null}},"22":{"start":{"line":50,"column":6},"end":{"line":62,"column":null}},"23":{"start":{"line":51,"column":8},"end":{"line":51,"column":null}},"24":{"start":{"line":52,"column":13},"end":{"line":62,"column":null}},"25":{"start":{"line":53,"column":8},"end":{"line":53,"column":null}},"26":{"start":{"line":54,"column":13},"end":{"line":62,"column":null}},"27":{"start":{"line":55,"column":8},"end":{"line":55,"column":null}},"28":{"start":{"line":56,"column":13},"end":{"line":62,"column":null}},"29":{"start":{"line":57,"column":8},"end":{"line":57,"column":null}},"30":{"start":{"line":58,"column":13},"end":{"line":62,"column":null}},"31":{"start":{"line":59,"column":8},"end":{"line":59,"column":null}},"32":{"start":{"line":61,"column":8},"end":{"line":61,"column":null}},"33":{"start":{"line":64,"column":4},"end":{"line":64,"column":null}},"34":{"start":{"line":66,"column":4},"end":{"line":66,"column":null}},"35":{"start":{"line":69,"column":2},"end":{"line":69,"column":null}},"36":{"start":{"line":26,"column":0},"end":{"line":26,"column":7}},"37":{"start":{"line":76,"column":15},"end":{"line":76,"column":35}},"38":{"start":{"line":78,"column":17},"end":{"line":78,"column":61}},"39":{"start":{"line":80,"column":17},"end":{"line":80,"column":93}},"40":{"start":{"line":82,"column":17},"end":{"line":82,"column":56}},"41":{"start":{"line":84,"column":21},"end":{"line":86,"column":3}},"42":{"start":{"line":85,"column":4},"end":{"line":85,"column":null}},"43":{"start":{"line":88,"column":2},"end":{"line":94,"column":null}},"44":{"start":{"line":75,"column":0},"end":{"line":75,"column":7}}},"fnMap":{"0":{"name":"wireTestServerComponents","decl":{"start":{"line":26,"column":22},"end":{"line":26,"column":46}},"loc":{"start":{"line":26,"column":82},"end":{"line":70,"column":1}}},"1":{"name":"logger","decl":{"start":{"line":31,"column":39},"end":{"line":31,"column":45}},"loc":{"start":{"line":31,"column":55},"end":{"line":67,"column":3}}},"2":{"name":"initTestServerComponents","decl":{"start":{"line":75,"column":22},"end":{"line":75,"column":46}},"loc":{"start":{"line":75,"column":46},"end":{"line":95,"column":1}}},"3":{"name":"(anonymous_3)","decl":{"start":{"line":84,"column":21},"end":{"line":84,"column":26}},"loc":{"start":{"line":84,"column":32},"end":{"line":86,"column":3}}}},"branchMap":{"0":{"loc":{"start":{"line":43,"column":67},"end":{"line":43,"column":89}},"type":"binary-expr","locations":[{"start":{"line":43,"column":67},"end":{"line":43,"column":82}},{"start":{"line":43,"column":86},"end":{"line":43,"column":89}}]},"1":{"loc":{"start":{"line":44,"column":4},"end":{"line":48,"column":null}},"type":"if","locations":[{"start":{"line":44,"column":4},"end":{"line":48,"column":null}}]},"2":{"loc":{"start":{"line":49,"column":4},"end":{"line":63,"column":null}},"type":"if","locations":[{"start":{"line":49,"column":4},"end":{"line":63,"column":null}}]},"3":{"loc":{"start":{"line":50,"column":6},"end":{"line":62,"column":null}},"type":"if","locations":[{"start":{"line":50,"column":6},"end":{"line":62,"column":null}},{"start":{"line":52,"column":13},"end":{"line":62,"column":null}}]},"4":{"loc":{"start":{"line":52,"column":13},"end":{"line":62,"column":null}},"type":"if","locations":[{"start":{"line":52,"column":13},"end":{"line":62,"column":null}},{"start":{"line":54,"column":13},"end":{"line":62,"column":null}}]},"5":{"loc":{"start":{"line":54,"column":13},"end":{"line":62,"column":null}},"type":"if","locations":[{"start":{"line":54,"column":13},"end":{"line":62,"column":null}},{"start":{"line":56,"column":13},"end":{"line":62,"column":null}}]},"6":{"loc":{"start":{"line":56,"column":13},"end":{"line":62,"column":null}},"type":"if","locations":[{"start":{"line":56,"column":13},"end":{"line":62,"column":null}},{"start":{"line":58,"column":13},"end":{"line":62,"column":null}}]},"7":{"loc":{"start":{"line":58,"column":13},"end":{"line":62,"column":null}},"type":"if","locations":[{"start":{"line":58,"column":13},"end":{"line":62,"column":null}},{"start":{"line":60,"column":13},"end":{"line":62,"column":null}}]}},"s":{"0":3,"1":3,"2":3,"3":3,"4":3,"5":3,"6":3,"7":3,"8":3,"9":20,"10":20,"11":20,"12":20,"13":20,"14":20,"15":52,"16":20,"17":20,"18":20,"19":1,"20":1,"21":20,"22":16,"23":0,"24":16,"25":8,"26":8,"27":5,"28":3,"29":0,"30":3,"31":3,"32":0,"33":20,"34":20,"35":3,"36":3,"37":3,"38":3,"39":3,"40":3,"41":3,"42":10,"43":3,"44":3},"f":{"0":3,"1":20,"2":3,"3":10},"b":{"0":[20,12],"1":[1],"2":[16],"3":[0,16],"4":[8,8],"5":[5,3],"6":[0,3],"7":[3,0]}}
,"/Users/user/code/snapshots-fetcher/test/test-component.ts": {"path":"/Users/user/code/snapshots-fetcher/test/test-component.ts","statementMap":{"0":{"start":{"line":2,"column":0},"end":{"line":2,"column":39}},"1":{"start":{"line":5,"column":33},"end":{"line":9,"column":null}},"2":{"start":{"line":7,"column":6},"end":{"line":7,"column":null}},"3":{"start":{"line":11,"column":2},"end":{"line":11,"column":null}},"4":{"start":{"line":4,"column":0},"end":{"line":4,"column":16}}},"fnMap":{"0":{"name":"createFetchComponent","decl":{"start":{"line":4,"column":16},"end":{"line":4,"column":36}},"loc":{"start":{"line":4,"column":36},"end":{"line":12,"column":1}}},"1":{"name":"(anonymous_7)","decl":{"start":{"line":6,"column":4},"end":{"line":6,"column":9}},"loc":{"start":{"line":6,"column":72},"end":{"line":8,"column":5}}}},"branchMap":{},"s":{"0":3,"1":3,"2":4,"3":3,"4":3},"f":{"0":3,"1":4},"b":{}}
}
