TN:
SF:src/client.ts
FN:4,getGlobalSnapshot
FN:7,(anonymous_1)
FN:12,fetchJsonPaginated
FN:41,fetchPointerChanges
FN:47,(anonymous_4)
FN:50,saveContentFileToDisk
FNF:6
FNH:6
FNDA:1,getGlobalSnapshot
FNDA:1,(anonymous_1)
FNDA:1,fetchJsonPaginated
FNDA:1,fetchPointerChanges
FNDA:2,(anonymous_4)
FNDA:13,saveContentFileToDisk
DA:2,3
DA:4,3
DA:6,1
DA:7,1
DA:12,3
DA:18,1
DA:19,1
DA:20,2
DA:21,2
DA:22,0
DA:31,2
DA:32,2
DA:33,4
DA:35,2
DA:36,2
DA:37,1
DA:41,3
DA:46,1
DA:47,2
DA:50,3
DA:51,13
DA:53,13
DA:55,6
LF:23
LH:22
BRDA:21,0,0,0
BRDA:36,1,0,1
BRF:2
BRH:1
end_of_record
TN:
SF:src/downloader.ts
FN:10,downloadJob
FN:44,downloadFileWithRetries
FN:66,downloadContentFile
FNF:3
FNH:3
FNDA:9,downloadJob
FNDA:10,downloadFileWithRetries
FNDA:13,downloadContentFile
DA:2,3
DA:3,3
DA:4,3
DA:6,3
DA:7,3
DA:8,3
DA:17,9
DA:19,7
DA:21,7
DA:22,13
DA:23,13
DA:24,13
DA:25,13
DA:27,6
DA:29,7
DA:30,7
DA:31,6
DA:32,6
DA:34,1
DA:44,3
DA:50,10
DA:52,10
DA:53,1
DA:56,9
DA:57,9
DA:58,9
DA:60,9
DA:62,9
DA:70,13
DA:74,13
LF:30
LH:30
BRDA:7,0,0,3
BRDA:7,0,1,0
BRDA:8,1,0,3
BRDA:8,1,1,0
BRDA:17,2,0,2
BRDA:30,3,0,6
BRDA:30,3,1,1
BRDA:52,4,0,1
BRDA:70,5,0,13
BRF:9
BRH:7
end_of_record
TN:
SF:src/entities.ts
FN:7,getEntityById
FN:23,downloadEntityAndContentFiles
FN:42,(anonymous_2)
FNF:3
FNH:3
FNDA:1,getEntityById
FNDA:1,downloadEntityAndContentFiles
FNDA:4,(anonymous_2)
DA:3,1
DA:5,1
DA:7,1
DA:12,1
DA:14,1
DA:16,1
DA:17,0
DA:20,1
DA:23,1
DA:31,1
DA:32,1
DA:35,1
DA:37,1
DA:38,0
DA:41,1
DA:43,4
DA:47,1
LF:17
LH:15
BRDA:16,0,0,0
BRDA:37,1,0,0
BRF:2
BRH:0
end_of_record
TN:
SF:src/index.ts
FN:14,getDeployedEntitiesStream
FNF:1
FNH:1
FNDA:1,getDeployedEntitiesStream
DA:1,1
DA:2,1
DA:3,1
DA:5,1
DA:14,1
DA:24,1
DA:27,1
DA:30,1
DA:38,1
DA:40,1
DA:48,1
DA:49,1
DA:51,9
DA:52,9
DA:55,9
DA:56,9
DA:62,1
DA:64,1
DA:65,1
DA:67,4
DA:68,4
DA:71,4
DA:72,4
DA:77,1
LF:24
LH:24
BRDA:24,0,0,1
BRDA:24,0,1,1
BRDA:38,1,0,1
BRDA:51,2,0,9
BRDA:55,3,0,9
BRDA:67,4,0,4
BRDA:71,5,0,4
BRF:7
BRH:7
end_of_record
TN:
SF:src/job-queue-port.ts
FN:20,createJobQueue
FN:28,(anonymous_2)
FN:31,(anonymous_3)
FN:38,schedule
FN:39,(anonymous_5)
FN:58,(anonymous_6)
FNF:6
FNH:5
FNDA:3,createJobQueue
FNDA:0,(anonymous_2)
FNDA:1,(anonymous_3)
FNDA:1,schedule
FNDA:1,(anonymous_5)
FNDA:3,(anonymous_6)
DA:2,3
DA:3,3
DA:20,3
DA:21,3
DA:27,3
DA:29,0
DA:32,1
DA:33,0
DA:35,1
DA:36,1
DA:39,1
DA:40,1
DA:42,1
DA:43,1
DA:45,0
DA:46,0
DA:48,0
DA:54,1
DA:56,1
DA:60,3
LF:20
LH:15
BRDA:23,0,0,3
BRDA:23,0,1,0
BRDA:32,1,0,0
BRDA:45,2,0,0
BRDA:45,2,1,0
BRF:5
BRH:1
end_of_record
TN:
SF:src/processor.ts
FN:6,processLineByLine
FN:24,processDeploymentsInFile
FNF:2
FNH:2
FNDA:3,processLineByLine
FNDA:3,processDeploymentsInFile
DA:2,2
DA:3,2
DA:4,2
DA:7,3
DA:8,1
DA:11,2
DA:13,2
DA:24,2
DA:25,3
DA:26,22
DA:27,22
DA:29,18
LF:12
LH:12
BRDA:7,0,0,1
BRDA:27,1,0,18
BRDA:27,2,0,22
BRDA:27,2,1,18
BRF:4
BRH:4
end_of_record
TN:
SF:src/utils.ts
FN:10,fetchJson
FN:21,checkFileExists
FN:24,(anonymous_8)
FN:25,(anonymous_9)
FN:28,sleep
FN:29,(anonymous_11)
FN:32,withCache
FN:35,(anonymous_13)
FN:44,saveToDisk
FN:46,(anonymous_15)
FN:50,(anonymous_16)
FN:59,(anonymous_17)
FN:61,(anonymous_18)
FN:65,(anonymous_19)
FN:71,(anonymous_20)
FN:73,(anonymous_21)
FN:93,(anonymous_22)
FN:96,(anonymous_23)
FN:97,(anonymous_24)
FN:104,tmpFile
FN:109,pickLeastRecentlyUsedServer
FNF:21
FNH:21
FNDA:2,fetchJson
FNDA:43,checkFileExists
FNDA:5,(anonymous_8)
FNDA:38,(anonymous_9)
FNDA:8,sleep
FNDA:8,(anonymous_11)
FNDA:4,withCache
FNDA:19,(anonymous_13)
FNDA:19,saveToDisk
FNDA:19,(anonymous_15)
FNDA:17,(anonymous_16)
FNDA:1,(anonymous_17)
FNDA:1,(anonymous_18)
FNDA:8,(anonymous_19)
FNDA:2,(anonymous_20)
FNDA:2,(anonymous_21)
FNDA:3,(anonymous_22)
FNDA:3,(anonymous_23)
FNDA:3,(anonymous_24)
FNDA:19,tmpFile
FNDA:14,pickLeastRecentlyUsedServer
DA:1,4
DA:2,4
DA:3,4
DA:4,4
DA:5,4
DA:6,4
DA:10,4
DA:11,2
DA:13,2
DA:14,0
DA:17,2
DA:18,2
DA:21,4
DA:22,43
DA:24,5
DA:25,38
DA:28,4
DA:29,8
DA:32,4
DA:33,4
DA:34,4
DA:35,4
DA:36,19
DA:37,3
DA:40,19
DA:44,4
DA:45,19
DA:46,19
DA:47,19
DA:49,19
DA:51,17
DA:52,8
DA:53,8
DA:56,9
DA:57,9
DA:59,9
DA:61,1
DA:62,1
DA:65,9
DA:66,8
DA:67,8
DA:73,2
DA:74,2
DA:79,8
DA:82,8
DA:83,0
DA:87,8
DA:93,4
DA:94,3
DA:96,3
DA:97,3
DA:98,3
DA:99,3
DA:104,4
DA:105,19
DA:106,19
DA:109,4
DA:113,14
DA:115,14
LF:59
LH:57
BRDA:13,0,0,0
BRDA:36,1,0,3
BRDA:47,2,0,2
BRDA:47,2,1,17
BRDA:51,3,0,8
BRDA:51,4,0,17
BRDA:51,4,1,17
BRDA:82,5,0,0
BRDA:98,6,0,0
BRF:9
BRH:6
end_of_record
TN:
SF:test/components.ts
FN:26,(anonymous_0)
FN:30,(anonymous_1)
FNF:2
FNH:2
FNDA:3,(anonymous_0)
FNDA:3,(anonymous_1)
DA:4,3
DA:5,3
DA:7,3
DA:9,3
DA:25,3
DA:27,3
DA:28,3
DA:31,3
DA:32,3
DA:38,3
DA:40,3
LF:11
LH:11
BRF:0
BRH:0
end_of_record
TN:
SF:test/functions-for-wkc-test-helpers.ts
FN:26,wireTestServerComponents
FN:31,logger
FN:75,initTestServerComponents
FN:84,(anonymous_3)
FNF:4
FNH:4
FNDA:3,wireTestServerComponents
FNDA:20,logger
FNDA:3,initTestServerComponents
FNDA:10,(anonymous_3)
DA:3,3
DA:4,3
DA:6,3
DA:7,3
DA:8,3
DA:9,3
DA:26,3
DA:27,3
DA:29,3
DA:31,3
DA:32,20
DA:33,20
DA:34,20
DA:35,20
DA:36,20
DA:37,20
DA:38,52
DA:41,20
DA:43,20
DA:44,20
DA:45,1
DA:46,1
DA:49,20
DA:50,16
DA:51,0
DA:52,16
DA:53,8
DA:54,8
DA:55,5
DA:56,3
DA:57,0
DA:58,3
DA:59,3
DA:61,0
DA:64,20
DA:66,20
DA:69,3
DA:75,3
DA:76,3
DA:78,3
DA:80,3
DA:82,3
DA:84,3
DA:85,10
DA:88,3
LF:45
LH:42
BRDA:43,0,0,20
BRDA:43,0,1,12
BRDA:44,1,0,1
BRDA:49,2,0,16
BRDA:50,3,0,0
BRDA:50,3,1,16
BRDA:52,4,0,8
BRDA:52,4,1,8
BRDA:54,5,0,5
BRDA:54,5,1,3
BRDA:56,6,0,0
BRDA:56,6,1,3
BRDA:58,7,0,3
BRDA:58,7,1,0
BRF:14
BRH:11
end_of_record
TN:
SF:test/test-component.ts
FN:4,createFetchComponent
FN:6,(anonymous_7)
FNF:2
FNH:2
FNDA:3,createFetchComponent
FNDA:4,(anonymous_7)
DA:2,3
DA:4,3
DA:5,3
DA:7,4
DA:11,3
LF:5
LH:5
BRF:0
BRH:0
end_of_record
